<?xml version="1.0" encoding="UTF-8"?>
<!-- Generated by org.testng.reporters.JUnitXMLReporter -->
<testsuite hostname="admin-PC" ignored="1" name="Test" tests="5" failures="1" timestamp="04 Oct 2020 10:18:24 GMT" time="1.111" errors="0">
  <testcase name="testCase1" time="0.018" classname="ExtentReportConcept.GenerateFirstExtentReport"/>
  <testcase name="testCase2" time="0.002" classname="ExtentReportConcept.GenerateFirstExtentReport"/>
  <testcase name="testCase3" time="0.004" classname="ExtentReportConcept.GenerateFirstExtentReport"/>
  <testcase name="testCase4" time="0.003" classname="ExtentReportConcept.GenerateFirstExtentReport">
    <failure type="java.lang.AssertionError" message="expected [true] but found [false]">
      <![CDATA[java.lang.AssertionError: expected [true] but found [false]
	at ExtentReportConcept.GenerateFirstExtentReport.testCase4(GenerateFirstExtentReport.java:75)
... Removed 29 stack frames]]>
    </failure>
  </testcase> <!-- testCase4 -->
  <testcase name="testCase5" time="0.002" classname="ExtentReportConcept.GenerateFirstExtentReport">
    <skipped/>
  </testcase> <!-- testCase5 -->
  <testcase name="testCase6" time="0.0" classname="ExtentReportConcept.GenerateFirstExtentReport">
    <ignored/>
  </testcase> <!-- testCase6 -->
</testsuite> <!-- Test -->
